<?xml version="1.0" encoding="UTF-8"?>
<!-- Generated by org.testng.reporters.JUnitReportReporter -->
<testsuite skipped="0" hostname="LAPTOP-PP7LTPN0" name="kdf.Application" tests="1" failures="0" timestamp="15 Feb 2020 18:13:12 GMT" time="126.370" errors="0">
  <testcase name="VerifyInValidLogin" time="126.370" classname="kdf.Application"/>
</testsuite> <!-- kdf.Application -->
